This is pdfTeX, Version 3.14159265-2.6-1.40.16 (TeX Live 2015/Debian) (preloaded format=pdflatex 2016.11.8)  18 AUG 2017 14:53
entering extended mode
 restricted \write18 enabled.
 %&-line parsing enabled.
**SPD2017_SmartKankelborg.tex
(./SPD2017_SmartKankelborg.tex
LaTeX2e <2016/02/01>
Babel <3.9q> and hyphenation patterns for 81 language(s) loaded.
(./baposter.cls
Document Class: baposter 2011/11/26 v2.0 baposter class
(/usr/share/texlive/texmf-dist/tex/latex/base/article.cls
Document Class: article 2014/09/29 v1.4h Standard LaTeX document class
(/usr/share/texlive/texmf-dist/tex/latex/base/size10.clo
File: size10.clo 2014/09/29 v1.4h Standard LaTeX file (size option)
)
\c@part=\count79
\c@section=\count80
\c@subsection=\count81
\c@subsubsection=\count82
\c@paragraph=\count83
\c@subparagraph=\count84
\c@figure=\count85
\c@table=\count86
\abovecaptionskip=\skip41
\belowcaptionskip=\skip42
\bibindent=\dimen102
)
baposter: Brian Amberg, 2007, 2008, 2009, 2010, 2011 | http://www.brian-amberg.
de/uni/poster/
baposter: Reinhold Kainhofer, 2011 | http://reinhold.kainhofer.com/
\baposter@basepaperwidth=\skip43
\baposter@basepaperheight=\skip44
\baposter@basemargin=\skip45
\baposter@finalpaperwidth=\skip46
\baposter@finalpaperheight=\skip47
\baposter@finalmargin=\skip48
\headerheight=\skip49
\colwidth=\skip50
\colheight=\skip51
\baposter@@colspacing=\skip52
\baposter@box@@cornerradius=\skip53
\baposter@box@@boxheaderheight=\skip54
\baposter@box@@boxpadding=\skip55
\boxstartx=\skip56
\boxstarty=\skip57
\boxwidth=\skip58
\boxheight=\skip59
\baposter@titleimage@left@width=\skip60
\baposter@titleimage@right@width=\skip61
\baposter@titleimage@textwidth=\skip62
\baposter@box@content=\box26
\baposter@titleimage@left=\box27
\baposter@titleimage@title=\box28
\baposter@titleimage@right=\box29
Use Packages
(/usr/share/texlive/texmf-dist/tex/latex/xkeyval/xkeyval.sty
Package: xkeyval 2014/12/03 v2.7a package option processing (HA)

(/usr/share/texlive/texmf-dist/tex/generic/xkeyval/xkeyval.tex
(/usr/share/texlive/texmf-dist/tex/generic/xkeyval/xkvutils.tex
\XKV@toks=\toks14
\XKV@tempa@toks=\toks15

(/usr/share/texlive/texmf-dist/tex/generic/xkeyval/keyval.tex))
\XKV@depth=\count87
File: xkeyval.tex 2014/12/03 v2.7a key=value parser (HA)
))
(/usr/share/texlive/texmf-dist/tex/latex/tools/calc.sty
Package: calc 2014/10/28 v4.3 Infix arithmetic (KKT,FJ)
\calc@Acount=\count88
\calc@Bcount=\count89
\calc@Adimen=\dimen103
\calc@Bdimen=\dimen104
\calc@Askip=\skip63
\calc@Bskip=\skip64
LaTeX Info: Redefining \setlength on input line 80.
LaTeX Info: Redefining \addtolength on input line 81.
\calc@Ccount=\count90
\calc@Cskip=\skip65
)
(/usr/share/texlive/texmf-dist/tex/latex/xcolor/xcolor.sty
Package: xcolor 2007/01/21 v2.11 LaTeX color extensions (UK)

(/usr/share/texlive/texmf-dist/tex/latex/latexconfig/color.cfg
File: color.cfg 2007/01/18 v1.5 color configuration of teTeX/TeXLive
)
Package xcolor Info: Driver file: pdftex.def on input line 225.

(/usr/share/texlive/texmf-dist/tex/latex/pdftex-def/pdftex.def
File: pdftex.def 2011/05/27 v0.06d Graphics/color for pdfTeX

(/usr/share/texlive/texmf-dist/tex/generic/oberdiek/infwarerr.sty
Package: infwarerr 2010/04/08 v1.3 Providing info/warning/error messages (HO)
)
(/usr/share/texlive/texmf-dist/tex/generic/oberdiek/ltxcmds.sty
Package: ltxcmds 2011/11/09 v1.22 LaTeX kernel commands for general use (HO)
)
\Gread@gobject=\count91
)
Package xcolor Info: Model `cmy' substituted by `cmy0' on input line 1337.
Package xcolor Info: Model `hsb' substituted by `rgb' on input line 1341.
Package xcolor Info: Model `RGB' extended on input line 1353.
Package xcolor Info: Model `HTML' substituted by `rgb' on input line 1355.
Package xcolor Info: Model `Hsb' substituted by `hsb' on input line 1356.
Package xcolor Info: Model `tHsb' substituted by `hsb' on input line 1357.
Package xcolor Info: Model `HSB' substituted by `hsb' on input line 1358.
Package xcolor Info: Model `Gray' substituted by `gray' on input line 1359.
Package xcolor Info: Model `wave' substituted by `hsb' on input line 1360.
)
(/usr/share/texlive/texmf-dist/tex/latex/pgf/frontendlayer/tikz.sty
(/usr/share/texlive/texmf-dist/tex/latex/pgf/basiclayer/pgf.sty
(/usr/share/texlive/texmf-dist/tex/latex/pgf/utilities/pgfrcs.sty
(/usr/share/texlive/texmf-dist/tex/generic/pgf/utilities/pgfutil-common.tex
\pgfutil@everybye=\toks16
\pgfutil@tempdima=\dimen105
\pgfutil@tempdimb=\dimen106

(/usr/share/texlive/texmf-dist/tex/generic/pgf/utilities/pgfutil-common-lists.t
ex)) (/usr/share/texlive/texmf-dist/tex/generic/pgf/utilities/pgfutil-latex.def
\pgfutil@abb=\box30
(/usr/share/texlive/texmf-dist/tex/latex/ms/everyshi.sty
Package: everyshi 2001/05/15 v3.00 EveryShipout Package (MS)
))
(/usr/share/texlive/texmf-dist/tex/generic/pgf/utilities/pgfrcs.code.tex
Package: pgfrcs 2015/08/07 v3.0.1a (rcs-revision 1.31)
))
Package: pgf 2015/08/07 v3.0.1a (rcs-revision 1.15)

(/usr/share/texlive/texmf-dist/tex/latex/pgf/basiclayer/pgfcore.sty
(/usr/share/texlive/texmf-dist/tex/latex/graphics/graphicx.sty
Package: graphicx 2014/10/28 v1.0g Enhanced LaTeX Graphics (DPC,SPQR)

(/usr/share/texlive/texmf-dist/tex/latex/graphics/graphics.sty
Package: graphics 2016/01/03 v1.0q Standard LaTeX Graphics (DPC,SPQR)

(/usr/share/texlive/texmf-dist/tex/latex/graphics/trig.sty
Package: trig 2016/01/03 v1.10 sin cos tan (DPC)
)
(/usr/share/texlive/texmf-dist/tex/latex/latexconfig/graphics.cfg
File: graphics.cfg 2010/04/23 v1.9 graphics configuration of TeX Live
)
Package graphics Info: Driver file: pdftex.def on input line 95.
)
\Gin@req@height=\dimen107
\Gin@req@width=\dimen108
)
(/usr/share/texlive/texmf-dist/tex/latex/pgf/systemlayer/pgfsys.sty
(/usr/share/texlive/texmf-dist/tex/generic/pgf/systemlayer/pgfsys.code.tex
Package: pgfsys 2014/07/09 v3.0.1a (rcs-revision 1.48)

(/usr/share/texlive/texmf-dist/tex/generic/pgf/utilities/pgfkeys.code.tex
\pgfkeys@pathtoks=\toks17
\pgfkeys@temptoks=\toks18

(/usr/share/texlive/texmf-dist/tex/generic/pgf/utilities/pgfkeysfiltered.code.t
ex
\pgfkeys@tmptoks=\toks19
))
\pgf@x=\dimen109
\pgf@y=\dimen110
\pgf@xa=\dimen111
\pgf@ya=\dimen112
\pgf@xb=\dimen113
\pgf@yb=\dimen114
\pgf@xc=\dimen115
\pgf@yc=\dimen116
\w@pgf@writea=\write3
\r@pgf@reada=\read1
\c@pgf@counta=\count92
\c@pgf@countb=\count93
\c@pgf@countc=\count94
\c@pgf@countd=\count95
\t@pgf@toka=\toks20
\t@pgf@tokb=\toks21
\t@pgf@tokc=\toks22
 (/usr/share/texlive/texmf-dist/tex/generic/pgf/systemlayer/pgf.cfg
File: pgf.cfg 2008/05/14  (rcs-revision 1.7)
)
Driver file for pgf: pgfsys-pdftex.def

(/usr/share/texlive/texmf-dist/tex/generic/pgf/systemlayer/pgfsys-pdftex.def
File: pgfsys-pdftex.def 2014/10/11  (rcs-revision 1.35)

(/usr/share/texlive/texmf-dist/tex/generic/pgf/systemlayer/pgfsys-common-pdf.de
f
File: pgfsys-common-pdf.def 2013/10/10  (rcs-revision 1.13)
)))
(/usr/share/texlive/texmf-dist/tex/generic/pgf/systemlayer/pgfsyssoftpath.code.
tex
File: pgfsyssoftpath.code.tex 2013/09/09  (rcs-revision 1.9)
\pgfsyssoftpath@smallbuffer@items=\count96
\pgfsyssoftpath@bigbuffer@items=\count97
)
(/usr/share/texlive/texmf-dist/tex/generic/pgf/systemlayer/pgfsysprotocol.code.
tex
File: pgfsysprotocol.code.tex 2006/10/16  (rcs-revision 1.4)
))
(/usr/share/texlive/texmf-dist/tex/generic/pgf/basiclayer/pgfcore.code.tex
Package: pgfcore 2010/04/11 v3.0.1a (rcs-revision 1.7)

(/usr/share/texlive/texmf-dist/tex/generic/pgf/math/pgfmath.code.tex
(/usr/share/texlive/texmf-dist/tex/generic/pgf/math/pgfmathcalc.code.tex
(/usr/share/texlive/texmf-dist/tex/generic/pgf/math/pgfmathutil.code.tex)
(/usr/share/texlive/texmf-dist/tex/generic/pgf/math/pgfmathparser.code.tex
\pgfmath@dimen=\dimen117
\pgfmath@count=\count98
\pgfmath@box=\box31
\pgfmath@toks=\toks23
\pgfmath@stack@operand=\toks24
\pgfmath@stack@operation=\toks25
)
(/usr/share/texlive/texmf-dist/tex/generic/pgf/math/pgfmathfunctions.code.tex
(/usr/share/texlive/texmf-dist/tex/generic/pgf/math/pgfmathfunctions.basic.code
.tex)
(/usr/share/texlive/texmf-dist/tex/generic/pgf/math/pgfmathfunctions.trigonomet
ric.code.tex)
(/usr/share/texlive/texmf-dist/tex/generic/pgf/math/pgfmathfunctions.random.cod
e.tex)
(/usr/share/texlive/texmf-dist/tex/generic/pgf/math/pgfmathfunctions.comparison
.code.tex)
(/usr/share/texlive/texmf-dist/tex/generic/pgf/math/pgfmathfunctions.base.code.
tex)
(/usr/share/texlive/texmf-dist/tex/generic/pgf/math/pgfmathfunctions.round.code
.tex)
(/usr/share/texlive/texmf-dist/tex/generic/pgf/math/pgfmathfunctions.misc.code.
tex)
(/usr/share/texlive/texmf-dist/tex/generic/pgf/math/pgfmathfunctions.integerari
thmetics.code.tex)))
(/usr/share/texlive/texmf-dist/tex/generic/pgf/math/pgfmathfloat.code.tex
\c@pgfmathroundto@lastzeros=\count99
))
(/usr/share/texlive/texmf-dist/tex/generic/pgf/basiclayer/pgfcorepoints.code.te
x
File: pgfcorepoints.code.tex 2013/10/07  (rcs-revision 1.27)
\pgf@picminx=\dimen118
\pgf@picmaxx=\dimen119
\pgf@picminy=\dimen120
\pgf@picmaxy=\dimen121
\pgf@pathminx=\dimen122
\pgf@pathmaxx=\dimen123
\pgf@pathminy=\dimen124
\pgf@pathmaxy=\dimen125
\pgf@xx=\dimen126
\pgf@xy=\dimen127
\pgf@yx=\dimen128
\pgf@yy=\dimen129
\pgf@zx=\dimen130
\pgf@zy=\dimen131
)
(/usr/share/texlive/texmf-dist/tex/generic/pgf/basiclayer/pgfcorepathconstruct.
code.tex
File: pgfcorepathconstruct.code.tex 2013/10/07  (rcs-revision 1.29)
\pgf@path@lastx=\dimen132
\pgf@path@lasty=\dimen133
)
(/usr/share/texlive/texmf-dist/tex/generic/pgf/basiclayer/pgfcorepathusage.code
.tex
File: pgfcorepathusage.code.tex 2014/11/02  (rcs-revision 1.24)
\pgf@shorten@end@additional=\dimen134
\pgf@shorten@start@additional=\dimen135
)
(/usr/share/texlive/texmf-dist/tex/generic/pgf/basiclayer/pgfcorescopes.code.te
x
File: pgfcorescopes.code.tex 2015/05/08  (rcs-revision 1.46)
\pgfpic=\box32
\pgf@hbox=\box33
\pgf@layerbox@main=\box34
\pgf@picture@serial@count=\count100
)
(/usr/share/texlive/texmf-dist/tex/generic/pgf/basiclayer/pgfcoregraphicstate.c
ode.tex
File: pgfcoregraphicstate.code.tex 2014/11/02  (rcs-revision 1.12)
\pgflinewidth=\dimen136
)
(/usr/share/texlive/texmf-dist/tex/generic/pgf/basiclayer/pgfcoretransformation
s.code.tex
File: pgfcoretransformations.code.tex 2015/08/07  (rcs-revision 1.20)
\pgf@pt@x=\dimen137
\pgf@pt@y=\dimen138
\pgf@pt@temp=\dimen139
)
(/usr/share/texlive/texmf-dist/tex/generic/pgf/basiclayer/pgfcorequick.code.tex
File: pgfcorequick.code.tex 2008/10/09  (rcs-revision 1.3)
)
(/usr/share/texlive/texmf-dist/tex/generic/pgf/basiclayer/pgfcoreobjects.code.t
ex
File: pgfcoreobjects.code.tex 2006/10/11  (rcs-revision 1.2)
)
(/usr/share/texlive/texmf-dist/tex/generic/pgf/basiclayer/pgfcorepathprocessing
.code.tex
File: pgfcorepathprocessing.code.tex 2013/09/09  (rcs-revision 1.9)
)
(/usr/share/texlive/texmf-dist/tex/generic/pgf/basiclayer/pgfcorearrows.code.te
x
File: pgfcorearrows.code.tex 2015/05/14  (rcs-revision 1.43)
\pgfarrowsep=\dimen140
)
(/usr/share/texlive/texmf-dist/tex/generic/pgf/basiclayer/pgfcoreshade.code.tex
File: pgfcoreshade.code.tex 2013/07/15  (rcs-revision 1.15)
\pgf@max=\dimen141
\pgf@sys@shading@range@num=\count101
)
(/usr/share/texlive/texmf-dist/tex/generic/pgf/basiclayer/pgfcoreimage.code.tex
File: pgfcoreimage.code.tex 2013/07/15  (rcs-revision 1.18)

(/usr/share/texlive/texmf-dist/tex/generic/pgf/basiclayer/pgfcoreexternal.code.
tex
File: pgfcoreexternal.code.tex 2014/07/09  (rcs-revision 1.21)
\pgfexternal@startupbox=\box35
))
(/usr/share/texlive/texmf-dist/tex/generic/pgf/basiclayer/pgfcorelayers.code.te
x
File: pgfcorelayers.code.tex 2013/07/18  (rcs-revision 1.7)
)
(/usr/share/texlive/texmf-dist/tex/generic/pgf/basiclayer/pgfcoretransparency.c
ode.tex
File: pgfcoretransparency.code.tex 2013/09/30  (rcs-revision 1.5)
)
(/usr/share/texlive/texmf-dist/tex/generic/pgf/basiclayer/pgfcorepatterns.code.
tex
File: pgfcorepatterns.code.tex 2013/11/07  (rcs-revision 1.5)
)))
(/usr/share/texlive/texmf-dist/tex/generic/pgf/modules/pgfmoduleshapes.code.tex
File: pgfmoduleshapes.code.tex 2014/03/21  (rcs-revision 1.35)
\pgfnodeparttextbox=\box36
) (/usr/share/texlive/texmf-dist/tex/generic/pgf/modules/pgfmoduleplot.code.tex
File: pgfmoduleplot.code.tex 2015/08/03  (rcs-revision 1.13)
)
(/usr/share/texlive/texmf-dist/tex/latex/pgf/compatibility/pgfcomp-version-0-65
.sty
Package: pgfcomp-version-0-65 2007/07/03 v3.0.1a (rcs-revision 1.7)
\pgf@nodesepstart=\dimen142
\pgf@nodesepend=\dimen143
)
(/usr/share/texlive/texmf-dist/tex/latex/pgf/compatibility/pgfcomp-version-1-18
.sty
Package: pgfcomp-version-1-18 2007/07/23 v3.0.1a (rcs-revision 1.1)
)) (/usr/share/texlive/texmf-dist/tex/latex/pgf/utilities/pgffor.sty
(/usr/share/texlive/texmf-dist/tex/latex/pgf/utilities/pgfkeys.sty
(/usr/share/texlive/texmf-dist/tex/generic/pgf/utilities/pgfkeys.code.tex))
(/usr/share/texlive/texmf-dist/tex/latex/pgf/math/pgfmath.sty
(/usr/share/texlive/texmf-dist/tex/generic/pgf/math/pgfmath.code.tex))
(/usr/share/texlive/texmf-dist/tex/generic/pgf/utilities/pgffor.code.tex
Package: pgffor 2013/12/13 v3.0.1a (rcs-revision 1.25)

(/usr/share/texlive/texmf-dist/tex/generic/pgf/math/pgfmath.code.tex)
\pgffor@iter=\dimen144
\pgffor@skip=\dimen145
\pgffor@stack=\toks26
\pgffor@toks=\toks27
))
(/usr/share/texlive/texmf-dist/tex/generic/pgf/frontendlayer/tikz/tikz.code.tex
Package: tikz 2015/08/07 v3.0.1a (rcs-revision 1.151)

(/usr/share/texlive/texmf-dist/tex/generic/pgf/libraries/pgflibraryplothandlers
.code.tex
File: pgflibraryplothandlers.code.tex 2013/08/31 v3.0.1a (rcs-revision 1.20)
\pgf@plot@mark@count=\count102
\pgfplotmarksize=\dimen146
)
\tikz@lastx=\dimen147
\tikz@lasty=\dimen148
\tikz@lastxsaved=\dimen149
\tikz@lastysaved=\dimen150
\tikzleveldistance=\dimen151
\tikzsiblingdistance=\dimen152
\tikz@figbox=\box37
\tikz@figbox@bg=\box38
\tikz@tempbox=\box39
\tikz@tempbox@bg=\box40
\tikztreelevel=\count103
\tikznumberofchildren=\count104
\tikznumberofcurrentchild=\count105
\tikz@fig@count=\count106

(/usr/share/texlive/texmf-dist/tex/generic/pgf/modules/pgfmodulematrix.code.tex
File: pgfmodulematrix.code.tex 2013/09/17  (rcs-revision 1.8)
\pgfmatrixcurrentrow=\count107
\pgfmatrixcurrentcolumn=\count108
\pgf@matrix@numberofcolumns=\count109
)
\tikz@expandcount=\count110

(/usr/share/texlive/texmf-dist/tex/generic/pgf/frontendlayer/tikz/libraries/tik
zlibrarytopaths.code.tex
File: tikzlibrarytopaths.code.tex 2008/06/17 v3.0.1a (rcs-revision 1.2)
)))
(/usr/share/texlive/texmf-dist/tex/latex/base/ifthen.sty
Package: ifthen 2014/09/29 v1.1c Standard LaTeX ifthen package (DPC)
)
(/usr/share/texlive/texmf-dist/tex/latex/base/fontenc.sty
Package: fontenc 2005/09/27 v1.99g Standard LaTeX package

(/usr/share/texlive/texmf-dist/tex/latex/base/t1enc.def
File: t1enc.def 2005/09/27 v1.99g Standard LaTeX file
LaTeX Font Info:    Redeclaring font encoding T1 on input line 48.
))
(/usr/share/texlive/texmf-dist/tex/generic/pgf/frontendlayer/tikz/libraries/tik
zlibrarydecorations.code.tex
(/usr/share/texlive/texmf-dist/tex/generic/pgf/modules/pgfmoduledecorations.cod
e.tex
\pgfdecoratedcompleteddistance=\dimen153
\pgfdecoratedremainingdistance=\dimen154
\pgfdecoratedinputsegmentcompleteddistance=\dimen155
\pgfdecoratedinputsegmentremainingdistance=\dimen156
\pgf@decorate@distancetomove=\dimen157
\pgf@decorate@repeatstate=\count111
\pgfdecorationsegmentamplitude=\dimen158
\pgfdecorationsegmentlength=\dimen159
)
\tikz@lib@dec@box=\box41
)
(/usr/share/texlive/texmf-dist/tex/generic/pgf/frontendlayer/tikz/libraries/tik
zlibraryfadings.code.tex
File: tikzlibraryfadings.code.tex 2009/11/15 v3.0.1a (rcs-revision 1.2)

(/usr/share/texlive/texmf-dist/tex/generic/pgf/libraries/pgflibraryfadings.code
.tex
File: pgflibraryfadings.code.tex 2008/02/07 v3.0.1a (rcs-revision 1.3)
))
(/usr/share/texlive/texmf-dist/tex/generic/pgf/frontendlayer/tikz/libraries/tik
zlibrarysnakes.code.tex
File: tikzlibrarysnakes.code.tex 2013/07/15 v3.0.1a (rcs-revision 1.7)


Package pgf Warning: Snakes have been superseded by decorations. Please use the
 decoration libraries instead of the snakes library on input line 14.


(/usr/share/texlive/texmf-dist/tex/generic/pgf/frontendlayer/tikz/libraries/tik
zlibrarydecorations.pathmorphing.code.tex
(/usr/share/texlive/texmf-dist/tex/generic/pgf/libraries/decorations/pgflibrary
decorations.pathmorphing.code.tex))
(/usr/share/texlive/texmf-dist/tex/generic/pgf/frontendlayer/tikz/libraries/tik
zlibrarydecorations.pathreplacing.code.tex
(/usr/share/texlive/texmf-dist/tex/generic/pgf/libraries/decorations/pgflibrary
decorations.pathreplacing.code.tex))
(/usr/share/texlive/texmf-dist/tex/generic/pgf/frontendlayer/tikz/libraries/tik
zlibrarydecorations.shapes.code.tex
(/usr/share/texlive/texmf-dist/tex/generic/pgf/libraries/decorations/pgflibrary
decorations.shapes.code.tex)))
(/usr/share/texlive/texmf-dist/tex/generic/pgf/frontendlayer/tikz/libraries/tik
zlibrarycalc.code.tex
File: tikzlibrarycalc.code.tex 2013/07/15 v3.0.1a (rcs-revision 1.9)
)
\baposter@movebody=\skip66
\baposter@basemarginright=\skip67
\baposter@basemarginleft=\skip68

Paperwidth=3324.42pt
Paperheight=2963.06999pt
BasePaperwidth=997.33614pt
BasePaperheight=888.93004pt
(/usr/share/texlive/texmf-dist/tex/latex/geometry/geometry.sty
Package: geometry 2010/09/12 v5.6 Page Geometry

(/usr/share/texlive/texmf-dist/tex/generic/oberdiek/ifpdf.sty
Package: ifpdf 2011/01/30 v2.3 Provides the ifpdf switch (HO)
Package ifpdf Info: pdfTeX in PDF mode is detected.
)
(/usr/share/texlive/texmf-dist/tex/generic/oberdiek/ifvtex.sty
Package: ifvtex 2010/03/01 v1.5 Detect VTeX and its facilities (HO)
Package ifvtex Info: VTeX not detected.
)
(/usr/share/texlive/texmf-dist/tex/generic/ifxetex/ifxetex.sty
Package: ifxetex 2010/09/12 v0.6 Provides ifxetex conditional
)
\Gm@cnth=\count112
\Gm@cntv=\count113
\c@Gm@tempcnt=\count114
\Gm@bindingoffset=\dimen160
\Gm@wd@mp=\dimen161
\Gm@odd@mp=\dimen162
\Gm@even@mp=\dimen163
\Gm@layoutwidth=\dimen164
\Gm@layoutheight=\dimen165
\Gm@layouthoffset=\dimen166
\Gm@layoutvoffset=\dimen167
\Gm@dimlist=\toks28
)
(/usr/share/texlive/texmf-dist/tex/latex/pgf/utilities/pgfpages.sty
Package: pgfpages 2011/01/05 ver 0.02
\pgf@logicalpages=\count115
\pgf@firstshipout=\count116
\pgf@lastshipout=\count117
\pgf@currentshipout=\count118
\pgf@cpn=\count119
\pgf@shipoutnextto=\count120
\pgfphysicalheight=\dimen168
\pgfphysicalwidth=\dimen169
\pgfpages@shipoutbox=\box42
)
\pgfpages@box@1=\box43
)
(/usr/share/texlive/texmf-dist/tex/latex/tools/multicol.sty
Package: multicol 2015/08/19 v1.8n multicolumn formatting (FMi)
\c@tracingmulticols=\count121
\mult@box=\box44
\multicol@leftmargin=\dimen170
\c@unbalance=\count122
\c@collectmore=\count123
\doublecol@number=\count124
\multicoltolerance=\count125
\multicolpretolerance=\count126
\full@width=\dimen171
\page@free=\dimen172
\premulticols=\dimen173
\postmulticols=\dimen174
\multicolsep=\skip69
\multicolbaselineskip=\skip70
\partial@page=\box45
\last@line=\box46
\maxbalancingoverflow=\dimen175
\mult@rightbox=\box47
\mult@grightbox=\box48
\mult@gfirstbox=\box49
\mult@firstbox=\box50
\@tempa=\box51
\@tempa=\box52
\@tempa=\box53
\@tempa=\box54
\@tempa=\box55
\@tempa=\box56
\@tempa=\box57
\@tempa=\box58
\@tempa=\box59
\@tempa=\box60
\@tempa=\box61
\@tempa=\box62
\@tempa=\box63
\@tempa=\box64
\@tempa=\box65
\@tempa=\box66
\@tempa=\box67
\c@columnbadness=\count127
\c@finalcolumnbadness=\count128
\last@try=\dimen176
\multicolovershoot=\dimen177
\multicolundershoot=\dimen178
\mult@nat@firstbox=\box68
\colbreak@box=\box69
\mc@col@check@num=\count129
)
(/usr/share/texlive/texmf-dist/tex/latex/amsmath/amsmath.sty
Package: amsmath 2016/03/03 v2.15a AMS math features
\@mathmargin=\skip71

For additional information on amsmath, use the `?' option.
(/usr/share/texlive/texmf-dist/tex/latex/amsmath/amstext.sty
Package: amstext 2000/06/29 v2.01 AMS text

(/usr/share/texlive/texmf-dist/tex/latex/amsmath/amsgen.sty
File: amsgen.sty 1999/11/30 v2.0 generic functions
\@emptytoks=\toks29
\ex@=\dimen179
))
(/usr/share/texlive/texmf-dist/tex/latex/amsmath/amsbsy.sty
Package: amsbsy 1999/11/29 v1.2d Bold Symbols
\pmbraise@=\dimen180
)
(/usr/share/texlive/texmf-dist/tex/latex/amsmath/amsopn.sty
Package: amsopn 1999/12/14 v2.01 operator names
)
\inf@bad=\count130
LaTeX Info: Redefining \frac on input line 199.
\uproot@=\count131
\leftroot@=\count132
LaTeX Info: Redefining \overline on input line 297.
\classnum@=\count133
\DOTSCASE@=\count134
LaTeX Info: Redefining \ldots on input line 394.
LaTeX Info: Redefining \dots on input line 397.
LaTeX Info: Redefining \cdots on input line 518.
\Mathstrutbox@=\box70
\strutbox@=\box71
\big@size=\dimen181
LaTeX Font Info:    Redeclaring font encoding OML on input line 630.
LaTeX Font Info:    Redeclaring font encoding OMS on input line 631.
\macc@depth=\count135
\c@MaxMatrixCols=\count136
\dotsspace@=\muskip10
\c@parentequation=\count137
\dspbrk@lvl=\count138
\tag@help=\toks30
\row@=\count139
\column@=\count140
\maxfields@=\count141
\andhelp@=\toks31
\eqnshift@=\dimen182
\alignsep@=\dimen183
\tagshift@=\dimen184
\tagwidth@=\dimen185
\totwidth@=\dimen186
\lineht@=\dimen187
\@envbody=\toks32
\multlinegap=\skip72
\multlinetaggap=\skip73
\mathdisplay@stack=\toks33
LaTeX Info: Redefining \[ on input line 2735.
LaTeX Info: Redefining \] on input line 2736.
)
(/usr/share/texlive/texmf-dist/tex/latex/amsfonts/amssymb.sty
Package: amssymb 2013/01/14 v3.01 AMS font symbols

(/usr/share/texlive/texmf-dist/tex/latex/amsfonts/amsfonts.sty
Package: amsfonts 2013/01/14 v3.01 Basic AMSFonts support
\symAMSa=\mathgroup4
\symAMSb=\mathgroup5
LaTeX Font Info:    Overwriting math alphabet `\mathfrak' in version `bold'
(Font)                  U/euf/m/n --> U/euf/b/n on input line 106.
))
(/usr/share/texlive/texmf-dist/tex/latex/wasysym/wasysym.sty
Package: wasysym 2003/10/30 v2.0 Wasy-2 symbol support package
\symwasy=\mathgroup6
LaTeX Font Info:    Overwriting symbol font `wasy' in version `bold'
(Font)                  U/wasy/m/n --> U/wasy/b/n on input line 90.
)
(/usr/share/texlive/texmf-dist/tex/latex/oberdiek/epstopdf.sty
Package: epstopdf 2010/02/09 v2.5 Conversion with epstopdf on the fly (HO)

(/usr/share/texlive/texmf-dist/tex/latex/oberdiek/epstopdf-base.sty
Package: epstopdf-base 2010/02/09 v2.5 Base part for package epstopdf

(/usr/share/texlive/texmf-dist/tex/latex/oberdiek/grfext.sty
Package: grfext 2010/08/19 v1.1 Manage graphics extensions (HO)

(/usr/share/texlive/texmf-dist/tex/generic/oberdiek/kvdefinekeys.sty
Package: kvdefinekeys 2011/04/07 v1.3 Define keys (HO)
))
(/usr/share/texlive/texmf-dist/tex/latex/oberdiek/kvoptions.sty
Package: kvoptions 2011/06/30 v3.11 Key value format for package options (HO)

(/usr/share/texlive/texmf-dist/tex/generic/oberdiek/kvsetkeys.sty
Package: kvsetkeys 2012/04/25 v1.16 Key value parser (HO)

(/usr/share/texlive/texmf-dist/tex/generic/oberdiek/etexcmds.sty
Package: etexcmds 2011/02/16 v1.5 Avoid name clashes with e-TeX commands (HO)

(/usr/share/texlive/texmf-dist/tex/generic/oberdiek/ifluatex.sty
Package: ifluatex 2010/03/01 v1.3 Provides the ifluatex switch (HO)
Package ifluatex Info: LuaTeX not detected.
)
Package etexcmds Info: Could not find \expanded.
(etexcmds)             That can mean that you are not using pdfTeX 1.50 or
(etexcmds)             that some package has redefined \expanded.
(etexcmds)             In the latter case, load this package earlier.
)))
(/usr/share/texlive/texmf-dist/tex/generic/oberdiek/pdftexcmds.sty
Package: pdftexcmds 2011/11/29 v0.20 Utility functions of pdfTeX for LuaTeX (HO
)
Package pdftexcmds Info: LuaTeX not detected.
Package pdftexcmds Info: \pdf@primitive is available.
Package pdftexcmds Info: \pdf@ifprimitive is available.
Package pdftexcmds Info: \pdfdraftmode found.
)
Package grfext Info: Graphics extension search list:
(grfext)             [.png,.pdf,.jpg,.mps,.jpeg,.jbig2,.jb2,.PNG,.PDF,.JPG,.JPE
G,.JBIG2,.JB2,.eps]
(grfext)             \AppendGraphicsExtensions on input line 452.

(/usr/share/texlive/texmf-dist/tex/latex/latexconfig/epstopdf-sys.cfg
File: epstopdf-sys.cfg 2010/07/13 v1.3 Configuration of (r)epstopdf for TeX Liv
e
)))
(/usr/share/texlive/texmf-dist/tex/latex/caption/caption.sty
Package: caption 2016/02/21 v3.3-144 Customizing captions (AR)

(/usr/share/texlive/texmf-dist/tex/latex/caption/caption3.sty
Package: caption3 2016/02/04 v1.7-139 caption3 kernel (AR)
Package caption3 Info: TeX engine: e-TeX on input line 67.
\captionmargin=\dimen188
\captionmargin@=\dimen189
\captionwidth=\dimen190
\caption@tempdima=\dimen191
\caption@indent=\dimen192
\caption@parindent=\dimen193
\caption@hangindent=\dimen194
)
\c@ContinuedFloat=\count142
)
(/usr/share/texlive/texmf-dist/tex/latex/contour/contour.sty
Package: contour 2004/11/18 v2.14 Print contoured text (HH, MH)
\con@length=\skip74

Loading configuration file `contour.cfg'.
(/usr/share/texlive/texmf-dist/tex/latex/contour/contour.cfg
File: contour.cfg 2004/11/18 v2.14 Print contoured text (HH, MH)
)
contour: Using driver file `pdftex.cnt'.
(/usr/share/texlive/texmf-dist/tex/latex/contour/pdftex.cnt
File: pdftex.cnt 2004/11/18 v2.14 Print contoured text (HH, MH)
))
(/usr/share/texlive/texmf-dist/tex/latex/enumitem/enumitem.sty
Package: enumitem 2011/09/28 v3.5.2 Customized lists
\enitkv@toks@=\toks34
\labelindent=\skip75
\enit@outerparindent=\dimen195
\enit@toks=\toks35
\enit@inbox=\box72
\enitdp@description=\count143
)
(/usr/share/texlive/texmf-dist/tex/latex/tools/array.sty
Package: array 2014/10/28 v2.4c Tabular extension package (FMi)
\col@sep=\dimen196
\extrarowheight=\dimen197
\NC@list=\toks36
\extratabsurround=\skip76
\backup@length=\skip77
)
(/usr/share/texlive/texmf-dist/tex/latex/siunitx/siunitx.sty
(/usr/share/texlive/texmf-dist/tex/latex/l3kernel/expl3.sty
Package: expl3 2016/01/19 v6377 L3 programming layer (loader) 

(/usr/share/texlive/texmf-dist/tex/latex/l3kernel/expl3-code.tex
Package: expl3 2016/01/19 v6377 L3 programming layer (code)
L3 Module: l3bootstrap 2016/01/01 v6339 L3 Bootstrap code
L3 Module: l3names 2015/12/21 v6328 L3 Namespace for primitives
L3 Module: l3basics 2015/11/22 v6315 L3 Basic definitions
L3 Module: l3expan 2015/09/10 v5983 L3 Argument expansion
L3 Module: l3tl 2015/09/29 v6121 L3 Token lists
L3 Module: l3str 2016/01/03 v6357 L3 Strings
L3 Module: l3seq 2015/08/05 v5777 L3 Sequences and stacks
L3 Module: l3int 2016/01/05 v6366 L3 Integers
\c_max_int=\count144
\l_tmpa_int=\count145
\l_tmpb_int=\count146
\g_tmpa_int=\count147
\g_tmpb_int=\count148
L3 Module: l3quark 2015/08/17 v5855 L3 Quarks
L3 Module: l3prg 2015/11/01 v6216 L3 Control structures
\g__prg_map_int=\count149
L3 Module: l3clist 2015/09/02 v5901 L3 Comma separated lists
L3 Module: l3token 2015/11/11 v6249 L3 Experimental token manipulation
L3 Module: l3prop 2016/01/05 v6366 L3 Property lists
L3 Module: l3msg 2015/09/28 v6113 L3 Messages
L3 Module: l3file 2015/12/03 v6317 L3 File and I/O operations
\l_iow_line_count_int=\count150
\l__iow_target_count_int=\count151
\l__iow_current_line_int=\count152
\l__iow_current_word_int=\count153
\l__iow_current_indentation_int=\count154
L3 Module: l3skip 2016/01/05 v6366 L3 Dimensions and skips
\c_zero_dim=\dimen198
\c_max_dim=\dimen199
\l_tmpa_dim=\dimen256
\l_tmpb_dim=\dimen257
\g_tmpa_dim=\dimen258
\g_tmpb_dim=\dimen259
\c_zero_skip=\skip78
\c_max_skip=\skip79
\l_tmpa_skip=\skip80
\l_tmpb_skip=\skip81
\g_tmpa_skip=\skip82
\g_tmpb_skip=\skip83
\c_zero_muskip=\muskip11
\c_max_muskip=\muskip12
\l_tmpa_muskip=\muskip13
\l_tmpb_muskip=\muskip14
\g_tmpa_muskip=\muskip15
\g_tmpb_muskip=\muskip16
L3 Module: l3keys 2015/11/17 v6284 L3 Key-value interfaces
\g__keyval_level_int=\count155
\l_keys_choice_int=\count156
L3 Module: l3fp 2015/08/25 v5890 L3 Floating points
\c__fp_leading_shift_int=\count157
\c__fp_middle_shift_int=\count158
\c__fp_trailing_shift_int=\count159
\c__fp_big_leading_shift_int=\count160
\c__fp_big_middle_shift_int=\count161
\c__fp_big_trailing_shift_int=\count162
\c__fp_Bigg_leading_shift_int=\count163
\c__fp_Bigg_middle_shift_int=\count164
\c__fp_Bigg_trailing_shift_int=\count165
L3 Module: l3box 2015/08/09 v5822 L3 Experimental boxes
\c_empty_box=\box73
\l_tmpa_box=\box74
\l_tmpb_box=\box75
\g_tmpa_box=\box76
\g_tmpb_box=\box77
L3 Module: l3coffins 2015/08/06 v5789 L3 Coffin code layer
\l__coffin_internal_box=\box78
\l__coffin_internal_dim=\dimen260
\l__coffin_offset_x_dim=\dimen261
\l__coffin_offset_y_dim=\dimen262
\l__coffin_x_dim=\dimen263
\l__coffin_y_dim=\dimen264
\l__coffin_x_prime_dim=\dimen265
\l__coffin_y_prime_dim=\dimen266
\c_empty_coffin=\box79
\l__coffin_aligned_coffin=\box80
\l__coffin_aligned_internal_coffin=\box81
\l_tmpa_coffin=\box82
\l_tmpb_coffin=\box83
\l__coffin_display_coffin=\box84
\l__coffin_display_coord_coffin=\box85
\l__coffin_display_pole_coffin=\box86
\l__coffin_display_offset_dim=\dimen267
\l__coffin_display_x_dim=\dimen268
\l__coffin_display_y_dim=\dimen269
L3 Module: l3color 2014/08/23 v5354 L3 Experimental color support
L3 Module: l3sys 2015/09/25 v6087 L3 Experimental system/runtime functions
L3 Module: l3candidates 2016/01/14 v6376 L3 Experimental additions to l3kernel
\l__box_top_dim=\dimen270
\l__box_bottom_dim=\dimen271
\l__box_left_dim=\dimen272
\l__box_right_dim=\dimen273
\l__box_top_new_dim=\dimen274
\l__box_bottom_new_dim=\dimen275
\l__box_left_new_dim=\dimen276
\l__box_right_new_dim=\dimen277
\l__box_internal_box=\box87
\l__coffin_bounding_shift_dim=\dimen278
\l__coffin_left_corner_dim=\dimen279
\l__coffin_right_corner_dim=\dimen280
\l__coffin_bottom_corner_dim=\dimen281
\l__coffin_top_corner_dim=\dimen282
\l__coffin_scaled_total_height_dim=\dimen283
\l__coffin_scaled_width_dim=\dimen284
L3 Module: l3luatex 2015/11/11 v6250 L3 Experimental LuaTeX-specific functions
)
(/usr/share/texlive/texmf-dist/tex/latex/l3kernel/l3pdfmode.def
File: l3pdfmode.def 2015/11/11 v6250 L3 Experimental driver: PDF mode
\l__driver_color_stack_int=\count166
))
(/usr/share/texlive/texmf-dist/tex/latex/l3packages/xparse/xparse.sty
Package: xparse 2016/01/19 v6377 L3 Experimental document command parser
\l__xparse_current_arg_int=\count167
\l__xparse_m_args_int=\count168
\l__xparse_mandatory_args_int=\count169
\l__xparse_processor_int=\count170
\l__xparse_v_nesting_int=\count171
)
Package: siunitx 2016/03/01 v2.6q A comprehensive (SI) units package

(/usr/share/texlive/texmf-dist/tex/latex/l3packages/l3keys2e/l3keys2e.sty
Package: l3keys2e 2016/01/19 v6377 LaTeX2e option processing using LaTeX3 keys
)
\l__siunitx_tmp_box=\box88
\l__siunitx_tmp_dim=\dimen285
\l__siunitx_tmp_int=\count172
\l__siunitx_number_mantissa_length_int=\count173
\l__siunitx_number_uncert_length_int=\count174
\l__siunitx_round_int=\count175
\l__siunitx_process_decimal_int=\count176
\l__siunitx_process_uncertainty_int=\count177
\l__siunitx_process_fixed_int=\count178
\l__siunitx_process_integer_min_int=\count179
\l__siunitx_process_precision_int=\count180
\l__siunitx_group_min_int=\count181
\l__siunitx_angle_marker_box=\box89
\l__siunitx_angle_unit_box=\box90
\l__siunitx_angle_marker_dim=\dimen286
\l__siunitx_angle_unit_dim=\dimen287
\l__siunitx_unit_int=\count182
\l__siunitx_unit_denominator_int=\count183
\l__siunitx_unit_numerator_int=\count184
\l__siunitx_unit_prefix_int=\count185
\l__siunitx_unit_prefix_base_int=\count186
\l__siunitx_unit_prefix_gram_int=\count187
\l__siunitx_number_product_int=\count188
\c__siunitx_one_fill_skip=\skip84
\l__siunitx_table_unit_align_skip=\skip85
\l__siunitx_table_exponent_dim=\dimen288
\l__siunitx_table_integer_dim=\dimen289
\l__siunitx_table_mantissa_dim=\dimen290
\l__siunitx_table_marker_dim=\dimen291
\l__siunitx_table_result_dim=\dimen292
\l__siunitx_table_uncert_dim=\dimen293
\l__siunitx_table_fill_pre_dim=\dimen294
\l__siunitx_table_fill_post_dim=\dimen295
\l__siunitx_table_fill_mid_dim=\dimen296
\l__siunitx_table_pre_box=\box91
\l__siunitx_table_post_box=\box92
\l__siunitx_table_mantissa_box=\box93
\l__siunitx_table_result_box=\box94
\l__siunitx_table_number_align_skip=\skip86
\l__siunitx_table_text_align_skip=\skip87
.................................................
. LaTeX info: "xparse/define-command"
. 
. Defining command \DeclareBinaryPrefix with sig. 'mmm' on line 7218.
.................................................
.................................................
. LaTeX info: "xparse/define-command"
. 
. Defining command \DeclareSIPostPower with sig. 'mm' on line 7221.
.................................................
.................................................
. LaTeX info: "xparse/define-command"
. 
. Defining command \DeclareSIPrefix with sig. 'mmm' on line 7224.
.................................................
.................................................
. LaTeX info: "xparse/define-command"
. 
. Defining command \DeclareSIPrePower with sig. 'mm' on line 7227.
.................................................
.................................................
. LaTeX info: "xparse/define-command"
. 
. Defining command \DeclareSIQualifier with sig. 'mm' on line 7230.
.................................................
.................................................
. LaTeX info: "xparse/define-command"
. 
. Defining command \DeclareSIUnit with sig. 'O{}mm' on line 7233.
.................................................
.................................................
. LaTeX info: "xparse/define-command"
. 
. Defining command \DeclareSIUnitWithOptions with sig. 'mmm' on line 7236.
.................................................
.................................................
. LaTeX info: "xparse/define-command"
. 
. Defining command \ang with sig. 'o>{\SplitArgument {2}{;}}m' on line 7251.
.................................................
.................................................
. LaTeX info: "xparse/define-command"
. 
. Defining command \num with sig. 'om' on line 7260.
.................................................
.................................................
. LaTeX info: "xparse/define-command"
. 
. Defining command \numlist with sig. 'o>{\SplitList {;}}m' on line 7269.
.................................................
.................................................
. LaTeX info: "xparse/define-command"
. 
. Defining command \numrange with sig. 'omm' on line 7278.
.................................................
.................................................
. LaTeX info: "xparse/define-command"
. 
. Defining command \SIlist with sig. 'o>{\SplitList {;}}mm' on line 7290.
.................................................
.................................................
. LaTeX info: "xparse/define-command"
. 
. Defining command \SIrange with sig. 'ommm' on line 7302.
.................................................
.................................................
. LaTeX info: "xparse/define-command"
. 
. Defining command \SI with sig. 'omom' on line 7314.
.................................................
.................................................
. LaTeX info: "xparse/define-command"
. 
. Defining command \sisetup with sig. 'm' on line 7317.
.................................................
.................................................
. LaTeX info: "xparse/define-command"
. 
. Defining command \tablenum with sig. 'om' on line 7332.
.................................................
.................................................
. LaTeX info: "xparse/define-command"
. 
. Defining command \si with sig. 'om' on line 7344.
.................................................
.................................................
. LaTeX info: "xparse/define-command"
. 
. Defining command \__siunitx_bookmark_num:w with sig. 'om' on line 7391.
.................................................
.................................................
. LaTeX info: "xparse/define-command"
. 
. Defining command \__siunitx_bookmark_numrange:w with sig. 'omm' on line
. 7393.
.................................................
.................................................
. LaTeX info: "xparse/define-command"
. 
. Defining command \__siunitx_bookmark_SI:w with sig. 'omom' on line 7395.
.................................................
.................................................
. LaTeX info: "xparse/define-command"
. 
. Defining command \__siunitx_bookmark_SIlist:w with sig. 'omm' on line 7397.
.................................................
.................................................
. LaTeX info: "xparse/define-command"
. 
. Defining command \__siunitx_bookmark_SIrange:w with sig. 'ommm' on line
. 7399.
.................................................
.................................................
. LaTeX info: "xparse/define-command"
. 
. Defining command \__siunitx_bookmark_si:w with sig. 'om' on line 7400.
.................................................
\g__file_internal_ior=\read2

(/usr/share/texlive/texmf-dist/tex/latex/beamer/translator/translator.sty
Package: translator 2010/06/12 ver 1.10

(/usr/share/texlive/texmf-dist/tex/latex/beamer/translator/translator-language-
mappings.tex))) (./SPD2017_SmartKankelborg.aux)
\openout1 = `SPD2017_SmartKankelborg.aux'.

LaTeX Font Info:    Checking defaults for OML/cmm/m/it on input line 21.
LaTeX Font Info:    ... okay on input line 21.
LaTeX Font Info:    Checking defaults for T1/cmr/m/n on input line 21.
LaTeX Font Info:    ... okay on input line 21.
LaTeX Font Info:    Checking defaults for OT1/cmr/m/n on input line 21.
LaTeX Font Info:    ... okay on input line 21.
LaTeX Font Info:    Checking defaults for OMS/cmsy/m/n on input line 21.
LaTeX Font Info:    ... okay on input line 21.
LaTeX Font Info:    Checking defaults for OMX/cmex/m/n on input line 21.
LaTeX Font Info:    ... okay on input line 21.
LaTeX Font Info:    Checking defaults for U/cmr/m/n on input line 21.
LaTeX Font Info:    ... okay on input line 21.

(/usr/share/texlive/texmf-dist/tex/context/base/supp-pdf.mkii
[Loading MPS to PDF converter (version 2006.09.02).]
\scratchcounter=\count189
\scratchdimen=\dimen297
\scratchbox=\box95
\nofMPsegments=\count190
\nofMParguments=\count191
\everyMPshowfont=\toks37
\MPscratchCnt=\count192
\MPscratchDim=\dimen298
\MPnumerator=\count193
\makeMPintoPDFobject=\count194
\everyMPtoPDFconversion=\toks38
) ABD: EveryShipout initializing macros
*geometry* driver: auto-detecting
*geometry* detected driver: pdftex
*geometry* verbose mode - [ preamble ] result:
* driver: pdftex
* paper: custom
* layout: <same size as paper>
* layoutoffset:(h,v)=(0.0pt,0.0pt)
* modes: landscape 
* h-part:(L,W,R)=(12.80386pt, 971.72841pt, 12.80386pt)
* v-part:(T,H,B)=(12.80386pt, 863.32231pt, 12.80386pt)
* \paperwidth=997.33614pt
* \paperheight=888.93004pt
* \textwidth=971.72841pt
* \textheight=863.32231pt
* \oddsidemargin=-59.46613pt
* \evensidemargin=-59.46613pt
* \topmargin=-96.46613pt
* \headheight=12.0pt
* \headsep=25.0pt
* \topskip=10.0pt
* \footskip=30.0pt
* \marginparwidth=65.0pt
* \marginparsep=11.0pt
* \columnsep=10.0pt
* \skip\footins=9.0pt plus 4.0pt minus 2.0pt
* \hoffset=0.0pt
* \voffset=0.0pt
* \mag=1000
* \@twocolumnfalse
* \@twosidefalse
* \@mparswitchfalse
* \@reversemarginfalse
* (1in=72.27pt=25.4mm, 1cm=28.453pt)

Package caption Info: Begin \AtBeginDocument code.
Package caption Info: End \AtBeginDocument code.

(/usr/share/texlive/texmf-dist/tex/latex/beamer/translator/dicts/translator-bas
ic-dictionary/translator-basic-dictionary-English.dict
Dictionary: translator-basic-dictionary, Language: English 
)
(/usr/share/texlive/texmf-dist/tex/latex/siunitx/siunitx-abbreviations.cfg
File: siunitx-abbreviations.cfg 2016/03/01 v2.6q siunitx: Abbreviated units
)
\c__siunitx_mathsf_int=\count195
LaTeX Font Info:    Try loading font information for U+msa on input line 21.

(/usr/share/texlive/texmf-dist/tex/latex/amsfonts/umsa.fd
File: umsa.fd 2013/01/14 v3.01 AMS symbols A
)
LaTeX Font Info:    Try loading font information for U+msb on input line 21.

(/usr/share/texlive/texmf-dist/tex/latex/amsfonts/umsb.fd
File: umsb.fd 2013/01/14 v3.01 AMS symbols B
)
LaTeX Font Info:    Try loading font information for U+wasy on input line 21.

(/usr/share/texlive/texmf-dist/tex/latex/wasysym/uwasy.fd
File: uwasy.fd 2003/10/30 v2.0 Wasy-2 symbol font definitions
)
\c__siunitx_mathtt_int=\count196

<Images/aia171_blue.png, id=29, 4111.36pt x 4111.36pt>
File: Images/aia171_blue.png Graphic file (type png)

<use Images/aia171_blue.png>
Package pdftex.def Info: Images/aia171_blue.png used on input line 74.
(pdftex.def)             Requested size: 1166.07112pt x 1166.04099pt.

<Images/NASA_logo.png, id=30, 803.0pt x 664.884pt>
File: Images/NASA_logo.png Graphic file (type png)
 <use Images/NASA_logo.png>
Package pdftex.def Info: Images/NASA_logo.png used on input line 74.
(pdftex.def)             Requested size: 802.99805pt x 664.88239pt.

<Images/inverted_solar_physics_logo.png, id=32, 417.81094pt x 581.17125pt>
File: Images/inverted_solar_physics_logo.png Graphic file (type png)

<use Images/inverted_solar_physics_logo.png>
Package pdftex.def Info: Images/inverted_solar_physics_logo.png used on input l
ine 74.
(pdftex.def)             Requested size: 417.80992pt x 581.16983pt.

contour: Using 20 copies for `\color {white} Measuring Doppler Shifts in the Tr
ansition Region' on input line 74.
contour: Using 20 copies for `\color {white}Roy Smart, Charles C.\ Kankelborg' 
on input line 74.
contour: Using 20 copies for `\color {white}Physics Department, Montana State U
niversity, Bozeman, MT 59717' on input line 74.
contour: Using 20 copies for `\color {white}roy.smart@montana.edu ' on input li
ne 74.
Missing character: There is no ; in font nullfont!
Missing character: There is no ; in font nullfont!
Missing character: There is no ; in font nullfont!
<Images/inversion.png, id=35, 1264.725pt x 783.92876pt>
File: Images/inversion.png Graphic file (type png)

<use Images/inversion.png>
Package pdftex.def Info: Images/inversion.png used on input line 131.
(pdftex.def)             Requested size: 193.86807pt x 120.15602pt.

Underfull \hbox (badness 2547) in paragraph at lines 131--131
\T1/cmr/m/it/9 projects spec-tral and spatial infor-ma-tion onto a
 []

Missing character: There is no ; in font nullfont!
Missing character: There is no ; in font nullfont!
Missing character: There is no ; in font nullfont!

<../../../../src/python/minnd/model_plt/img_0_2_0_0.png, id=36, 363.5181pt x 80
.2197pt>
File: ../../../../src/python/minnd/model_plt/img_0_2_0_0.png Graphic file (type
 png)
 <use ../../../../src/python/minnd/model_plt/img_0_2_0_0.png>
Package pdftex.def Info: ../../../../src/python/minnd/model_plt/img_0_2_0_0.png
 used on input line 235.
(pdftex.def)             Requested size: 72.26999pt x 15.94817pt.

<../../../../src/python/minnd/model_plt/img_1_2_0_0.png, id=37, 363.5181pt x 80
.2197pt>
File: ../../../../src/python/minnd/model_plt/img_1_2_0_0.png Graphic file (type
 png)
 <use ../../../../src/python/minnd/model_plt/img_1_2_0_0.png>
Package pdftex.def Info: ../../../../src/python/minnd/model_plt/img_1_2_0_0.png
 used on input line 235.
(pdftex.def)             Requested size: 72.26999pt x 15.94817pt.

<../../../../src/python/minnd/model_plt/img_1_2_1_0.png, id=38, 363.5181pt x 80
.2197pt>
File: ../../../../src/python/minnd/model_plt/img_1_2_1_0.png Graphic file (type
 png)
 <use ../../../../src/python/minnd/model_plt/img_1_2_1_0.png>
Package pdftex.def Info: ../../../../src/python/minnd/model_plt/img_1_2_1_0.png
 used on input line 235.
(pdftex.def)             Requested size: 72.26999pt x 15.94817pt.

<../../../../src/python/minnd/model_plt/img_w.png, id=39, 271.7352pt x 271.7352
pt>
File: ../../../../src/python/minnd/model_plt/img_w.png Graphic file (type png)
 <use ../../../../src/python/minnd/model_plt/img_w.png>
Package pdftex.def Info: ../../../../src/python/minnd/model_plt/img_w.png used 
on input line 235.
(pdftex.def)             Requested size: 14.44998pt x 14.45377pt.
File: ../../../../src/python/minnd/model_plt/img_w.png Graphic file (type png)

<use ../../../../src/python/minnd/model_plt/img_w.png>
Package pdftex.def Info: ../../../../src/python/minnd/model_plt/img_w.png used 
on input line 235.
(pdftex.def)             Requested size: 14.44998pt x 14.45377pt.

<../../../../src/python/minnd/model_plt/img_2_1_0_0.png, id=40, 271.7352pt x 27
1.7352pt>
File: ../../../../src/python/minnd/model_plt/img_2_1_0_0.png Graphic file (type
 png)
 <use ../../../../src/python/minnd/model_plt/img_2_1_0_0.png>
Package pdftex.def Info: ../../../../src/python/minnd/model_plt/img_2_1_0_0.png
 used on input line 235.
(pdftex.def)             Requested size: 14.44998pt x 14.45377pt.

<../../../../src/python/minnd/model_plt/img_2_1_0_1.png, id=41, 271.7352pt x 27
1.7352pt>
File: ../../../../src/python/minnd/model_plt/img_2_1_0_1.png Graphic file (type
 png)
 <use ../../../../src/python/minnd/model_plt/img_2_1_0_1.png>
Package pdftex.def Info: ../../../../src/python/minnd/model_plt/img_2_1_0_1.png
 used on input line 235.
(pdftex.def)             Requested size: 14.44998pt x 14.45377pt.

<../../../../src/python/minnd/model_plt/img_2_2_0_0.png, id=42, 363.5181pt x 67
.9338pt>
File: ../../../../src/python/minnd/model_plt/img_2_2_0_0.png Graphic file (type
 png)
 <use ../../../../src/python/minnd/model_plt/img_2_2_0_0.png>
Package pdftex.def Info: ../../../../src/python/minnd/model_plt/img_2_2_0_0.png
 used on input line 235.
(pdftex.def)             Requested size: 72.26999pt x 13.50566pt.
File: ../../../../src/python/minnd/model_plt/img_w.png Graphic file (type png)

<use ../../../../src/python/minnd/model_plt/img_w.png>
Package pdftex.def Info: ../../../../src/python/minnd/model_plt/img_w.png used 
on input line 235.
(pdftex.def)             Requested size: 14.44998pt x 14.45377pt.
File: ../../../../src/python/minnd/model_plt/img_w.png Graphic file (type png)

<use ../../../../src/python/minnd/model_plt/img_w.png>
Package pdftex.def Info: ../../../../src/python/minnd/model_plt/img_w.png used 
on input line 235.
(pdftex.def)             Requested size: 14.44998pt x 14.45377pt.

<../../../../src/python/minnd/model_plt/img_2_1_1_0.png, id=43, 271.7352pt x 27
1.7352pt>
File: ../../../../src/python/minnd/model_plt/img_2_1_1_0.png Graphic file (type
 png)
 <use ../../../../src/python/minnd/model_plt/img_2_1_1_0.png>
Package pdftex.def Info: ../../../../src/python/minnd/model_plt/img_2_1_1_0.png
 used on input line 235.
(pdftex.def)             Requested size: 14.44998pt x 14.45377pt.

<../../../../src/python/minnd/model_plt/img_2_1_1_1.png, id=44, 271.7352pt x 27
1.7352pt>
File: ../../../../src/python/minnd/model_plt/img_2_1_1_1.png Graphic file (type
 png)
 <use ../../../../src/python/minnd/model_plt/img_2_1_1_1.png>
Package pdftex.def Info: ../../../../src/python/minnd/model_plt/img_2_1_1_1.png
 used on input line 235.
(pdftex.def)             Requested size: 14.44998pt x 14.45377pt.

<../../../../src/python/minnd/model_plt/img_2_2_1_0.png, id=45, 363.5181pt x 67
.9338pt>
File: ../../../../src/python/minnd/model_plt/img_2_2_1_0.png Graphic file (type
 png)
 <use ../../../../src/python/minnd/model_plt/img_2_2_1_0.png>
Package pdftex.def Info: ../../../../src/python/minnd/model_plt/img_2_2_1_0.png
 used on input line 235.
(pdftex.def)             Requested size: 72.26999pt x 13.50566pt.
File: ../../../../src/python/minnd/model_plt/img_w.png Graphic file (type png)

<use ../../../../src/python/minnd/model_plt/img_w.png>
Package pdftex.def Info: ../../../../src/python/minnd/model_plt/img_w.png used 
on input line 235.
(pdftex.def)             Requested size: 14.44998pt x 14.45377pt.
File: ../../../../src/python/minnd/model_plt/img_w.png Graphic file (type png)

<use ../../../../src/python/minnd/model_plt/img_w.png>
Package pdftex.def Info: ../../../../src/python/minnd/model_plt/img_w.png used 
on input line 235.
(pdftex.def)             Requested size: 14.44998pt x 14.45377pt.

<../../../../src/python/minnd/model_plt/img_2_1_2_0.png, id=46, 271.7352pt x 27
1.7352pt>
File: ../../../../src/python/minnd/model_plt/img_2_1_2_0.png Graphic file (type
 png)
 <use ../../../../src/python/minnd/model_plt/img_2_1_2_0.png>
Package pdftex.def Info: ../../../../src/python/minnd/model_plt/img_2_1_2_0.png
 used on input line 235.
(pdftex.def)             Requested size: 14.44998pt x 14.45377pt.

<../../../../src/python/minnd/model_plt/img_2_1_2_1.png, id=47, 271.7352pt x 27
1.7352pt>
File: ../../../../src/python/minnd/model_plt/img_2_1_2_1.png Graphic file (type
 png)
 <use ../../../../src/python/minnd/model_plt/img_2_1_2_1.png>
Package pdftex.def Info: ../../../../src/python/minnd/model_plt/img_2_1_2_1.png
 used on input line 235.
(pdftex.def)             Requested size: 14.44998pt x 14.45377pt.

<../../../../src/python/minnd/model_plt/img_2_2_2_0.png, id=48, 363.5181pt x 67
.9338pt>
File: ../../../../src/python/minnd/model_plt/img_2_2_2_0.png Graphic file (type
 png)
 <use ../../../../src/python/minnd/model_plt/img_2_2_2_0.png>
Package pdftex.def Info: ../../../../src/python/minnd/model_plt/img_2_2_2_0.png
 used on input line 235.
(pdftex.def)             Requested size: 72.26999pt x 13.50566pt.
File: ../../../../src/python/minnd/model_plt/img_w.png Graphic file (type png)

<use ../../../../src/python/minnd/model_plt/img_w.png>
Package pdftex.def Info: ../../../../src/python/minnd/model_plt/img_w.png used 
on input line 235.
(pdftex.def)             Requested size: 14.44998pt x 14.45377pt.

<../../../../src/python/minnd/model_plt/img_3_1_0_0.png, id=49, 271.7352pt x 27
1.7352pt>
File: ../../../../src/python/minnd/model_plt/img_3_1_0_0.png Graphic file (type
 png)
 <use ../../../../src/python/minnd/model_plt/img_3_1_0_0.png>
Package pdftex.def Info: ../../../../src/python/minnd/model_plt/img_3_1_0_0.png
 used on input line 235.
(pdftex.def)             Requested size: 14.44998pt x 14.45377pt.

<../../../../src/python/minnd/model_plt/img_3_1_0_1.png, id=50, 271.7352pt x 27
1.7352pt>
File: ../../../../src/python/minnd/model_plt/img_3_1_0_1.png Graphic file (type
 png)
 <use ../../../../src/python/minnd/model_plt/img_3_1_0_1.png>
Package pdftex.def Info: ../../../../src/python/minnd/model_plt/img_3_1_0_1.png
 used on input line 235.
(pdftex.def)             Requested size: 14.44998pt x 14.45377pt.

<../../../../src/python/minnd/model_plt/img_3_1_0_2.png, id=51, 271.7352pt x 27
1.7352pt>
File: ../../../../src/python/minnd/model_plt/img_3_1_0_2.png Graphic file (type
 png)
 <use ../../../../src/python/minnd/model_plt/img_3_1_0_2.png>
Package pdftex.def Info: ../../../../src/python/minnd/model_plt/img_3_1_0_2.png
 used on input line 235.
(pdftex.def)             Requested size: 14.44998pt x 14.45377pt.

<../../../../src/python/minnd/model_plt/img_3_2_0_0.png, id=52, 363.5181pt x 48
.4209pt>
File: ../../../../src/python/minnd/model_plt/img_3_2_0_0.png Graphic file (type
 png)
 <use ../../../../src/python/minnd/model_plt/img_3_2_0_0.png>
Package pdftex.def Info: ../../../../src/python/minnd/model_plt/img_3_2_0_0.png
 used on input line 235.
(pdftex.def)             Requested size: 72.26999pt x 9.62637pt.
File: ../../../../src/python/minnd/model_plt/img_w.png Graphic file (type png)

<use ../../../../src/python/minnd/model_plt/img_w.png>
Package pdftex.def Info: ../../../../src/python/minnd/model_plt/img_w.png used 
on input line 235.
(pdftex.def)             Requested size: 14.44998pt x 14.45377pt.

<../../../../src/python/minnd/model_plt/img_3_1_1_0.png, id=53, 271.7352pt x 27
1.7352pt>
File: ../../../../src/python/minnd/model_plt/img_3_1_1_0.png Graphic file (type
 png)
 <use ../../../../src/python/minnd/model_plt/img_3_1_1_0.png>
Package pdftex.def Info: ../../../../src/python/minnd/model_plt/img_3_1_1_0.png
 used on input line 235.
(pdftex.def)             Requested size: 14.44998pt x 14.45377pt.

<../../../../src/python/minnd/model_plt/img_3_1_1_1.png, id=54, 271.7352pt x 27
1.7352pt>
File: ../../../../src/python/minnd/model_plt/img_3_1_1_1.png Graphic file (type
 png)
 <use ../../../../src/python/minnd/model_plt/img_3_1_1_1.png>
Package pdftex.def Info: ../../../../src/python/minnd/model_plt/img_3_1_1_1.png
 used on input line 235.
(pdftex.def)             Requested size: 14.44998pt x 14.45377pt.

<../../../../src/python/minnd/model_plt/img_3_1_1_2.png, id=55, 271.7352pt x 27
1.7352pt>
File: ../../../../src/python/minnd/model_plt/img_3_1_1_2.png Graphic file (type
 png)
 <use ../../../../src/python/minnd/model_plt/img_3_1_1_2.png>
Package pdftex.def Info: ../../../../src/python/minnd/model_plt/img_3_1_1_2.png
 used on input line 235.
(pdftex.def)             Requested size: 14.44998pt x 14.45377pt.

<../../../../src/python/minnd/model_plt/img_3_2_1_0.png, id=56, 363.5181pt x 48
.4209pt>
File: ../../../../src/python/minnd/model_plt/img_3_2_1_0.png Graphic file (type
 png)
 <use ../../../../src/python/minnd/model_plt/img_3_2_1_0.png>
Package pdftex.def Info: ../../../../src/python/minnd/model_plt/img_3_2_1_0.png
 used on input line 235.
(pdftex.def)             Requested size: 72.26999pt x 9.62637pt.
File: ../../../../src/python/minnd/model_plt/img_w.png Graphic file (type png)

<use ../../../../src/python/minnd/model_plt/img_w.png>
Package pdftex.def Info: ../../../../src/python/minnd/model_plt/img_w.png used 
on input line 235.
(pdftex.def)             Requested size: 14.44998pt x 14.45377pt.

<../../../../src/python/minnd/model_plt/img_3_1_2_0.png, id=57, 271.7352pt x 27
1.7352pt>
File: ../../../../src/python/minnd/model_plt/img_3_1_2_0.png Graphic file (type
 png)
 <use ../../../../src/python/minnd/model_plt/img_3_1_2_0.png>
Package pdftex.def Info: ../../../../src/python/minnd/model_plt/img_3_1_2_0.png
 used on input line 235.
(pdftex.def)             Requested size: 14.44998pt x 14.45377pt.

<../../../../src/python/minnd/model_plt/img_3_1_2_1.png, id=58, 271.7352pt x 27
1.7352pt>
File: ../../../../src/python/minnd/model_plt/img_3_1_2_1.png Graphic file (type
 png)
 <use ../../../../src/python/minnd/model_plt/img_3_1_2_1.png>
Package pdftex.def Info: ../../../../src/python/minnd/model_plt/img_3_1_2_1.png
 used on input line 235.
(pdftex.def)             Requested size: 14.44998pt x 14.45377pt.

<../../../../src/python/minnd/model_plt/img_3_1_2_2.png, id=59, 271.7352pt x 27
1.7352pt>
File: ../../../../src/python/minnd/model_plt/img_3_1_2_2.png Graphic file (type
 png)
 <use ../../../../src/python/minnd/model_plt/img_3_1_2_2.png>
Package pdftex.def Info: ../../../../src/python/minnd/model_plt/img_3_1_2_2.png
 used on input line 235.
(pdftex.def)             Requested size: 14.44998pt x 14.45377pt.

<../../../../src/python/minnd/model_plt/img_3_2_2_0.png, id=60, 363.5181pt x 48
.4209pt>
File: ../../../../src/python/minnd/model_plt/img_3_2_2_0.png Graphic file (type
 png)
 <use ../../../../src/python/minnd/model_plt/img_3_2_2_0.png>
Package pdftex.def Info: ../../../../src/python/minnd/model_plt/img_3_2_2_0.png
 used on input line 235.
(pdftex.def)             Requested size: 72.26999pt x 9.62637pt.
File: ../../../../src/python/minnd/model_plt/img_w.png Graphic file (type png)

<use ../../../../src/python/minnd/model_plt/img_w.png>
Package pdftex.def Info: ../../../../src/python/minnd/model_plt/img_w.png used 
on input line 235.
(pdftex.def)             Requested size: 14.44998pt x 14.45377pt.

<../../../../src/python/minnd/model_plt/img_3_1_3_0.png, id=61, 271.7352pt x 27
1.7352pt>
File: ../../../../src/python/minnd/model_plt/img_3_1_3_0.png Graphic file (type
 png)
 <use ../../../../src/python/minnd/model_plt/img_3_1_3_0.png>
Package pdftex.def Info: ../../../../src/python/minnd/model_plt/img_3_1_3_0.png
 used on input line 235.
(pdftex.def)             Requested size: 14.44998pt x 14.45377pt.

<../../../../src/python/minnd/model_plt/img_3_1_3_1.png, id=62, 271.7352pt x 27
1.7352pt>
File: ../../../../src/python/minnd/model_plt/img_3_1_3_1.png Graphic file (type
 png)
 <use ../../../../src/python/minnd/model_plt/img_3_1_3_1.png>
Package pdftex.def Info: ../../../../src/python/minnd/model_plt/img_3_1_3_1.png
 used on input line 235.
(pdftex.def)             Requested size: 14.44998pt x 14.45377pt.

<../../../../src/python/minnd/model_plt/img_3_1_3_2.png, id=63, 271.7352pt x 27
1.7352pt>
File: ../../../../src/python/minnd/model_plt/img_3_1_3_2.png Graphic file (type
 png)
 <use ../../../../src/python/minnd/model_plt/img_3_1_3_2.png>
Package pdftex.def Info: ../../../../src/python/minnd/model_plt/img_3_1_3_2.png
 used on input line 235.
(pdftex.def)             Requested size: 14.44998pt x 14.45377pt.

<../../../../src/python/minnd/model_plt/img_3_2_3_0.png, id=64, 363.5181pt x 48
.4209pt>
File: ../../../../src/python/minnd/model_plt/img_3_2_3_0.png Graphic file (type
 png)
 <use ../../../../src/python/minnd/model_plt/img_3_2_3_0.png>
Package pdftex.def Info: ../../../../src/python/minnd/model_plt/img_3_2_3_0.png
 used on input line 235.
(pdftex.def)             Requested size: 72.26999pt x 9.62637pt.

<../../../../src/python/minnd/model_plt/img_4_1_0_0.png, id=65, 271.7352pt x 27
1.7352pt>
File: ../../../../src/python/minnd/model_plt/img_4_1_0_0.png Graphic file (type
 png)
 <use ../../../../src/python/minnd/model_plt/img_4_1_0_0.png>
Package pdftex.def Info: ../../../../src/python/minnd/model_plt/img_4_1_0_0.png
 used on input line 235.
(pdftex.def)             Requested size: 14.44998pt x 14.45377pt.

<../../../../src/python/minnd/model_plt/img_4_1_0_1.png, id=66, 271.7352pt x 27
1.7352pt>
File: ../../../../src/python/minnd/model_plt/img_4_1_0_1.png Graphic file (type
 png)
 <use ../../../../src/python/minnd/model_plt/img_4_1_0_1.png>
Package pdftex.def Info: ../../../../src/python/minnd/model_plt/img_4_1_0_1.png
 used on input line 235.
(pdftex.def)             Requested size: 14.44998pt x 14.45377pt.

<../../../../src/python/minnd/model_plt/img_4_1_0_2.png, id=67, 271.7352pt x 27
1.7352pt>
File: ../../../../src/python/minnd/model_plt/img_4_1_0_2.png Graphic file (type
 png)
 <use ../../../../src/python/minnd/model_plt/img_4_1_0_2.png>
Package pdftex.def Info: ../../../../src/python/minnd/model_plt/img_4_1_0_2.png
 used on input line 235.
(pdftex.def)             Requested size: 14.44998pt x 14.45377pt.

<../../../../src/python/minnd/model_plt/img_4_1_0_3.png, id=68, 271.7352pt x 27
1.7352pt>
File: ../../../../src/python/minnd/model_plt/img_4_1_0_3.png Graphic file (type
 png)
 <use ../../../../src/python/minnd/model_plt/img_4_1_0_3.png>
Package pdftex.def Info: ../../../../src/python/minnd/model_plt/img_4_1_0_3.png
 used on input line 235.
(pdftex.def)             Requested size: 14.44998pt x 14.45377pt.

<../../../../src/python/minnd/model_plt/img_4_2_0_0.png, id=69, 398.2077pt x 87
.4467pt>
File: ../../../../src/python/minnd/model_plt/img_4_2_0_0.png Graphic file (type
 png)
 <use ../../../../src/python/minnd/model_plt/img_4_2_0_0.png>
Package pdftex.def Info: ../../../../src/python/minnd/model_plt/img_4_2_0_0.png
 used on input line 235.
(pdftex.def)             Requested size: 72.26999pt x 15.87048pt.
Missing character: There is no ; in font nullfont!
Missing character: There is no ; in font nullfont!
Missing character: There is no ; in font nullfont!

<../../../../src/python/minnd/validation/doppler_1182.png, id=70, 363.5181pt x 
83.8332pt>
File: ../../../../src/python/minnd/validation/doppler_1182.png Graphic file (ty
pe png)
 <use ../../../../src/python/minnd/validation/doppler_1182.png>
Package pdftex.def Info: ../../../../src/python/minnd/validation/doppler_1182.p
ng used on input line 283.
(pdftex.def)             Requested size: 146.73187pt x 33.8384pt.

<../../../../src/python/minnd/validation/doppler_1225.png, id=71, 363.5181pt x 
83.8332pt>
File: ../../../../src/python/minnd/validation/doppler_1225.png Graphic file (ty
pe png)
 <use ../../../../src/python/minnd/validation/doppler_1225.png>
Package pdftex.def Info: ../../../../src/python/minnd/validation/doppler_1225.p
ng used on input line 283.
(pdftex.def)             Requested size: 146.73187pt x 33.8384pt.

<../../../../src/python/minnd/validation/doppler_1263.png, id=72, 363.5181pt x 
83.8332pt>
File: ../../../../src/python/minnd/validation/doppler_1263.png Graphic file (ty
pe png)
 <use ../../../../src/python/minnd/validation/doppler_1263.png>
Package pdftex.def Info: ../../../../src/python/minnd/validation/doppler_1263.p
ng used on input line 283.
(pdftex.def)             Requested size: 146.73187pt x 33.8384pt.

<../../../../src/python/minnd/validation/doppler_1298.png, id=73, 363.5181pt x 
83.8332pt>
File: ../../../../src/python/minnd/validation/doppler_1298.png Graphic file (ty
pe png)
 <use ../../../../src/python/minnd/validation/doppler_1298.png>
Package pdftex.def Info: ../../../../src/python/minnd/validation/doppler_1298.p
ng used on input line 283.
(pdftex.def)             Requested size: 146.73187pt x 33.8384pt.

<../../../../src/python/minnd/validation/doppler_1343.png, id=74, 363.5181pt x 
83.8332pt>
File: ../../../../src/python/minnd/validation/doppler_1343.png Graphic file (ty
pe png)
 <use ../../../../src/python/minnd/validation/doppler_1343.png>
Package pdftex.def Info: ../../../../src/python/minnd/validation/doppler_1343.p
ng used on input line 283.
(pdftex.def)             Requested size: 146.73187pt x 33.8384pt.

Overfull \hbox (0.9248pt too wide) in paragraph at lines 283--283
[][] 
 []


Overfull \hbox (6.42227pt too wide) in paragraph at lines 283--283
 [][] 
 []


<../../../../src/python/minnd/validation/linearity.pdf, id=75, 405.89903pt x 31
5.53458pt>
File: ../../../../src/python/minnd/validation/linearity.pdf Graphic file (type 
pdf)
 <use ../../../../src/python/minnd/validation/linearity.pdf>
Package pdftex.def Info: ../../../../src/python/minnd/validation/linearity.pdf 
used on input line 283.
(pdftex.def)             Requested size: 141.59572pt x 110.07283pt.
Missing character: There is no ; in font nullfont!
Missing character: There is no ; in font nullfont!
Missing character: There is no ; in font nullfont!

<../../../../src/python/minnd/movies/full/intensity-velocity/zero-ave/fig_14.pn
g, id=76, 569.4876pt x 299.9205pt>
File: ../../../../src/python/minnd/movies/full/intensity-velocity/zero-ave/fig_
14.png Graphic file (type png)

<use ../../../../src/python/minnd/movies/full/intensity-velocity/zero-ave/fig_1
4.png>
Package pdftex.def Info: ../../../../src/python/minnd/movies/full/intensity-vel
ocity/zero-ave/fig_14.png used on input line 358.
(pdftex.def)             Requested size: 540.28021pt x 284.52756pt.

<../../../../src/python/minnd/movies/full/intensity-velocity/zero-ave/legend.pd
f, id=77, 114.3043pt x 301.81143pt>
File: ../../../../src/python/minnd/movies/full/intensity-velocity/zero-ave/lege
nd.pdf Graphic file (type pdf)

<use ../../../../src/python/minnd/movies/full/intensity-velocity/zero-ave/legen
d.pdf>
Package pdftex.def Info: ../../../../src/python/minnd/movies/full/intensity-vel
ocity/zero-ave/legend.pdf used on input line 358.
(pdftex.def)             Requested size: 107.7687pt x 284.52756pt.

<../../../../src/python/minnd/movies/fox/intensity/minus/fig_14.png, id=78, 317
.988pt x 317.988pt>
File: ../../../../src/python/minnd/movies/fox/intensity/minus/fig_14.png Graphi
c file (type png)

<use ../../../../src/python/minnd/movies/fox/intensity/minus/fig_14.png>
Package pdftex.def Info: ../../../../src/python/minnd/movies/fox/intensity/minu
s/fig_14.png used on input line 358.
(pdftex.def)             Requested size: 41.42403pt x 41.42236pt.

<../../../../src/python/minnd/movies/fox/intensity/zero/fig_14.png, id=79, 317.
988pt x 317.988pt>
File: ../../../../src/python/minnd/movies/fox/intensity/zero/fig_14.png Graphic
 file (type png)

<use ../../../../src/python/minnd/movies/fox/intensity/zero/fig_14.png>
Package pdftex.def Info: ../../../../src/python/minnd/movies/fox/intensity/zero
/fig_14.png used on input line 358.
(pdftex.def)             Requested size: 41.42403pt x 41.42236pt.

<../../../../src/python/minnd/movies/fox/intensity/plus/fig_14.png, id=80, 317.
988pt x 317.988pt>
File: ../../../../src/python/minnd/movies/fox/intensity/plus/fig_14.png Graphic
 file (type png)

<use ../../../../src/python/minnd/movies/fox/intensity/plus/fig_14.png>
Package pdftex.def Info: ../../../../src/python/minnd/movies/fox/intensity/plus
/fig_14.png used on input line 358.
(pdftex.def)             Requested size: 41.42403pt x 41.42236pt.

<../../../../src/python/minnd/movies/fox/velocity/zero-ave/fig_14.png, id=81, 3
17.988pt x 317.988pt>
File: ../../../../src/python/minnd/movies/fox/velocity/zero-ave/fig_14.png Grap
hic file (type png)

<use ../../../../src/python/minnd/movies/fox/velocity/zero-ave/fig_14.png>
Package pdftex.def Info: ../../../../src/python/minnd/movies/fox/velocity/zero-
ave/fig_14.png used on input line 358.
(pdftex.def)             Requested size: 41.42403pt x 41.42236pt.

<../../../../src/python/minnd/movies/fox/intensity-velocity/zero-ave/fig_14.png
, id=82, 317.988pt x 317.988pt>
File: ../../../../src/python/minnd/movies/fox/intensity-velocity/zero-ave/fig_1
4.png Graphic file (type png)

<use ../../../../src/python/minnd/movies/fox/intensity-velocity/zero-ave/fig_14
.png>
Package pdftex.def Info: ../../../../src/python/minnd/movies/fox/intensity-velo
city/zero-ave/fig_14.png used on input line 358.
(pdftex.def)             Requested size: 41.42403pt x 41.42236pt.

<../../../../src/python/minnd/movies/ar1/intensity/minus/fig_00.png, id=83, 317
.988pt x 317.988pt>
File: ../../../../src/python/minnd/movies/ar1/intensity/minus/fig_00.png Graphi
c file (type png)

<use ../../../../src/python/minnd/movies/ar1/intensity/minus/fig_00.png>
Package pdftex.def Info: ../../../../src/python/minnd/movies/ar1/intensity/minu
s/fig_00.png used on input line 358.
(pdftex.def)             Requested size: 41.42403pt x 41.42236pt.

<../../../../src/python/minnd/movies/ar1/intensity/zero/fig_00.png, id=84, 317.
988pt x 317.988pt>
File: ../../../../src/python/minnd/movies/ar1/intensity/zero/fig_00.png Graphic
 file (type png)

<use ../../../../src/python/minnd/movies/ar1/intensity/zero/fig_00.png>
Package pdftex.def Info: ../../../../src/python/minnd/movies/ar1/intensity/zero
/fig_00.png used on input line 358.
(pdftex.def)             Requested size: 41.42403pt x 41.42236pt.

<../../../../src/python/minnd/movies/ar1/intensity/plus/fig_00.png, id=85, 317.
988pt x 317.988pt>
File: ../../../../src/python/minnd/movies/ar1/intensity/plus/fig_00.png Graphic
 file (type png)

<use ../../../../src/python/minnd/movies/ar1/intensity/plus/fig_00.png>
Package pdftex.def Info: ../../../../src/python/minnd/movies/ar1/intensity/plus
/fig_00.png used on input line 358.
(pdftex.def)             Requested size: 41.42403pt x 41.42236pt.

<../../../../src/python/minnd/movies/ar1/velocity/zero-ave/fig_00.png, id=86, 3
17.988pt x 317.988pt>
File: ../../../../src/python/minnd/movies/ar1/velocity/zero-ave/fig_00.png Grap
hic file (type png)

<use ../../../../src/python/minnd/movies/ar1/velocity/zero-ave/fig_00.png>
Package pdftex.def Info: ../../../../src/python/minnd/movies/ar1/velocity/zero-
ave/fig_00.png used on input line 358.
(pdftex.def)             Requested size: 41.42403pt x 41.42236pt.

<../../../../src/python/minnd/movies/ar1/intensity-velocity/zero-ave/fig_00.png
, id=87, 317.988pt x 317.988pt>
File: ../../../../src/python/minnd/movies/ar1/intensity-velocity/zero-ave/fig_0
0.png Graphic file (type png)

<use ../../../../src/python/minnd/movies/ar1/intensity-velocity/zero-ave/fig_00
.png>
Package pdftex.def Info: ../../../../src/python/minnd/movies/ar1/intensity-velo
city/zero-ave/fig_00.png used on input line 358.
(pdftex.def)             Requested size: 41.42403pt x 41.42236pt.

<../../../../src/python/minnd/movies/ar2/intensity/minus/fig_00.png, id=88, 317
.988pt x 317.988pt>
File: ../../../../src/python/minnd/movies/ar2/intensity/minus/fig_00.png Graphi
c file (type png)

<use ../../../../src/python/minnd/movies/ar2/intensity/minus/fig_00.png>
Package pdftex.def Info: ../../../../src/python/minnd/movies/ar2/intensity/minu
s/fig_00.png used on input line 358.
(pdftex.def)             Requested size: 41.42403pt x 41.42236pt.

<../../../../src/python/minnd/movies/ar2/intensity/zero/fig_00.png, id=89, 317.
988pt x 317.988pt>
File: ../../../../src/python/minnd/movies/ar2/intensity/zero/fig_00.png Graphic
 file (type png)

<use ../../../../src/python/minnd/movies/ar2/intensity/zero/fig_00.png>
Package pdftex.def Info: ../../../../src/python/minnd/movies/ar2/intensity/zero
/fig_00.png used on input line 358.
(pdftex.def)             Requested size: 41.42403pt x 41.42236pt.

<../../../../src/python/minnd/movies/ar2/intensity/plus/fig_00.png, id=90, 317.
988pt x 317.988pt>
File: ../../../../src/python/minnd/movies/ar2/intensity/plus/fig_00.png Graphic
 file (type png)

<use ../../../../src/python/minnd/movies/ar2/intensity/plus/fig_00.png>
Package pdftex.def Info: ../../../../src/python/minnd/movies/ar2/intensity/plus
/fig_00.png used on input line 358.
(pdftex.def)             Requested size: 41.42403pt x 41.42236pt.

<../../../../src/python/minnd/movies/ar2/velocity/zero-ave/fig_00.png, id=91, 3
17.988pt x 317.988pt>
File: ../../../../src/python/minnd/movies/ar2/velocity/zero-ave/fig_00.png Grap
hic file (type png)

<use ../../../../src/python/minnd/movies/ar2/velocity/zero-ave/fig_00.png>
Package pdftex.def Info: ../../../../src/python/minnd/movies/ar2/velocity/zero-
ave/fig_00.png used on input line 358.
(pdftex.def)             Requested size: 41.42403pt x 41.42236pt.

<../../../../src/python/minnd/movies/ar2/intensity-velocity/zero-ave/fig_00.png
, id=92, 317.988pt x 317.988pt>
File: ../../../../src/python/minnd/movies/ar2/intensity-velocity/zero-ave/fig_0
0.png Graphic file (type png)

<use ../../../../src/python/minnd/movies/ar2/intensity-velocity/zero-ave/fig_00
.png>
Package pdftex.def Info: ../../../../src/python/minnd/movies/ar2/intensity-velo
city/zero-ave/fig_00.png used on input line 358.
(pdftex.def)             Requested size: 41.42403pt x 41.42236pt.

Overfull \hbox (3.26537pt too wide) in paragraph at lines 358--358
[][]
 []

Missing character: There is no ; in font nullfont!
Missing character: There is no ; in font nullfont!
Missing character: There is no ; in font nullfont!
Missing character: There is no ; in font nullfont!
Missing character: There is no ; in font nullfont!
Missing character: There is no ; in font nullfont!

Underfull \hbox (badness 10000) in paragraph at lines 395--395

 []

Missing character: There is no ; in font nullfont!
Missing character: There is no ; in font nullfont!
Missing character: There is no ; in font nullfont!

Underfull \hbox (badness 10000) in paragraph at lines 406--406

 []

Missing character: There is no ; in font nullfont!
Missing character: There is no ; in font nullfont!
Missing character: There is no ; in font nullfont!

Overfull \hbox (1.12839pt too wide) in paragraph at lines 74--408
[][] [] 
 []

[2

{/var/lib/texmf/fonts/map/pdftex/updmap/pdftex.map} <./Images/aia171_blue.png (
PNG copy)> <./Images/NASA_logo.png> <./Images/inverted_solar_physics_logo.png> 
<./Images/inversion.png> <../../../../src/python/minnd/model_plt/img_0_2_0_0.pn
g> <../../../../src/python/minnd/model_plt/img_1_2_0_0.png> <../../../../src/py
thon/minnd/model_plt/img_1_2_1_0.png> <../../../../src/python/minnd/model_plt/i
mg_w.png> <../../../../src/python/minnd/model_plt/img_2_1_0_0.png> <../../../..
/src/python/minnd/model_plt/img_2_1_0_1.png> <../../../../src/python/minnd/mode
l_plt/img_2_2_0_0.png> <../../../../src/python/minnd/model_plt/img_2_1_1_0.png>
 <../../../../src/python/minnd/model_plt/img_2_1_1_1.png> <../../../../src/pyth
on/minnd/model_plt/img_2_2_1_0.png> <../../../../src/python/minnd/model_plt/img
_2_1_2_0.png> <../../../../src/python/minnd/model_plt/img_2_1_2_1.png> <../../.
./../src/python/minnd/model_plt/img_2_2_2_0.png> <../../../../src/python/minnd/
model_plt/img_3_1_0_0.png> <../../../../src/python/minnd/model_plt/img_3_1_0_1.
png> <../../../../src/python/minnd/model_plt/img_3_1_0_2.png> <../../../../src/
python/minnd/model_plt/img_3_2_0_0.png> <../../../../src/python/minnd/model_plt
/img_3_1_1_0.png> <../../../../src/python/minnd/model_plt/img_3_1_1_1.png> <../
../../../src/python/minnd/model_plt/img_3_1_1_2.png> <../../../../src/python/mi
nnd/model_plt/img_3_2_1_0.png> <../../../../src/python/minnd/model_plt/img_3_1_
2_0.png> <../../../../src/python/minnd/model_plt/img_3_1_2_1.png> <../../../../
src/python/minnd/model_plt/img_3_1_2_2.png> <../../../../src/python/minnd/model
_plt/img_3_2_2_0.png> <../../../../src/python/minnd/model_plt/img_3_1_3_0.png> 
<../../../../src/python/minnd/model_plt/img_3_1_3_1.png> <../../../../src/pytho
n/minnd/model_plt/img_3_1_3_2.png> <../../../../src/python/minnd/model_plt/img_
3_2_3_0.png> <../../../../src/python/minnd/model_plt/img_4_1_0_0.png> <../../..
/../src/python/minnd/model_plt/img_4_1_0_1.png> <../../../../src/python/minnd/m
odel_plt/img_4_1_0_2.png> <../../../../src/python/minnd/model_plt/img_4_1_0_3.p
ng> <../../../../src/python/minnd/model_plt/img_4_2_0_0.png> <../../../../src/p
ython/minnd/validation/doppler_1182.png> <../../../../src/python/minnd/validati
on/doppler_1225.png> <../../../../src/python/minnd/validation/doppler_1263.png>
 <../../../../src/python/minnd/validation/doppler_1298.png> <../../../../src/py
thon/minnd/validation/doppler_1343.png> <../../../../src/python/minnd/validatio
n/linearity.pdf> <../../../../src/python/minnd/movies/full/intensity-velocity/z
ero-ave/fig_14.png> <../../../../src/python/minnd/movies/full/intensity-velocit
y/zero-ave/legend.pdf

pdfTeX warning: /usr/bin/pdflatex (file ../../../../src/python/minnd/movies/ful
l/intensity-velocity/zero-ave/legend.pdf): PDF inclusion: multiple pdfs with pa
ge group included in a single page
> <../../../../src/python/minnd/movies/fox/intensity/minus/fig_14.png> <../../.
./../src/python/minnd/movies/fox/intensity/zero/fig_14.png> <../../../../src/py
thon/minnd/movies/fox/intensity/plus/fig_14.png> <../../../../src/python/minnd/
movies/fox/velocity/zero-ave/fig_14.png> <../../../../src/python/minnd/movies/f
ox/intensity-velocity/zero-ave/fig_14.png> <../../../../src/python/minnd/movies
/ar1/intensity/minus/fig_00.png> <../../../../src/python/minnd/movies/ar1/inten
sity/zero/fig_00.png> <../../../../src/python/minnd/movies/ar1/intensity/plus/f
ig_00.png> <../../../../src/python/minnd/movies/ar1/velocity/zero-ave/fig_00.pn
g> <../../../../src/python/minnd/movies/ar1/intensity-velocity/zero-ave/fig_00.
png> <../../../../src/python/minnd/movies/ar2/intensity/minus/fig_00.png> <../.
./../../src/python/minnd/movies/ar2/intensity/zero/fig_00.png> <../../../../src
/python/minnd/movies/ar2/intensity/plus/fig_00.png> <../../../../src/python/min
nd/movies/ar2/velocity/zero-ave/fig_00.png> <../../../../src/python/minnd/movie
s/ar2/intensity-velocity/zero-ave/fig_00.png>] (./SPD2017_SmartKankelborg.aux) 
) 
Here is how much of TeX's memory you used:
 26682 strings out of 493029
 570828 string characters out of 6136234
 616808 words of memory out of 5000000
 29742 multiletter control sequences out of 15000+600000
 23435 words of font info for 73 fonts, out of 8000000 for 9000
 1141 hyphenation exceptions out of 8191
 62i,24n,92p,10374b,1237s stack positions out of 5000i,500n,10000p,200000b,80000s
{/usr/share/texmf/fonts/enc/dvips/cm-super/cm-super-t1.enc}</usr/share/texlive
/texmf-dist/fonts/type1/public/amsfonts/cm/cmbx9.pfb></usr/share/texlive/texmf-
dist/fonts/type1/public/amsfonts/cm/cmmi6.pfb></usr/share/texlive/texmf-dist/fo
nts/type1/public/amsfonts/cm/cmmi9.pfb></usr/share/texlive/texmf-dist/fonts/typ
e1/public/amsfonts/cm/cmr6.pfb></usr/share/texlive/texmf-dist/fonts/type1/publi
c/amsfonts/cm/cmr9.pfb></usr/share/texlive/texmf-dist/fonts/type1/public/amsfon
ts/cm/cmsy6.pfb></usr/share/texlive/texmf-dist/fonts/type1/public/amsfonts/cm/c
msy9.pfb></usr/share/texmf/fonts/type1/public/cm-super/sfbx0900.pfb></usr/share
/texmf/fonts/type1/public/cm-super/sfbx2488.pfb></usr/share/texmf/fonts/type1/p
ublic/cm-super/sfcc0900.pfb></usr/share/texmf/fonts/type1/public/cm-super/sfrm0
800.pfb></usr/share/texmf/fonts/type1/public/cm-super/sfrm0900.pfb></usr/share/
texmf/fonts/type1/public/cm-super/sfrm1440.pfb></usr/share/texmf/fonts/type1/pu
blic/cm-super/sfrm1728.pfb></usr/share/texmf/fonts/type1/public/cm-super/sfti08
00.pfb></usr/share/texmf/fonts/type1/public/cm-super/sfti0900.pfb></usr/share/t
exmf/fonts/type1/public/cm-super/sfti1728.pfb>
Output written on SPD2017_SmartKankelborg.pdf (1 page, 11295317 bytes).
PDF statistics:
 271 PDF objects out of 1000 (max. 8388607)
 83 compressed objects within 1 object stream
 0 named destinations out of 1000 (max. 500000)
 420 words of extra memory for PDF output out of 10000 (max. 10000000)

